<?xml version="1.0" encoding="UTF-8"?>
<testsuite xmlns:xsi="http://www.w3.org/2001/XMLSchema-instance" xsi:noNamespaceSchemaLocation="https://maven.apache.org/surefire/maven-surefire-plugin/xsd/surefire-test-report.xsd" name="org.opt_consumer.AppTest" time="0.051" tests="1" errors="0" skipped="0" failures="0">
  <properties>
    <property name="gopherProxySet" value="false"/>
    <property name="awt.toolkit" value="sun.lwawt.macosx.LWCToolkit"/>
    <property name="file.encoding.pkg" value="sun.io"/>
    <property name="java.specification.version" value="1.8"/>
    <property name="sun.cpu.isalist" value=""/>
    <property name="sun.jnu.encoding" value="UTF-8"/>
    <property name="java.class.path" value="/Users/dwq/dubbo-work/dubboOpt/opt_consumer/target/test-classes:/Users/dwq/dubbo-work/dubboOpt/opt_consumer/target/classes:/Users/dwq/dubbo-work/dubboOpt/opt_api/target/opt_api-0.0.1-SNAPSHOT.jar:/opt/repository/org/springframework/boot/spring-boot-starter-web/2.0.2.RELEASE/spring-boot-starter-web-2.0.2.RELEASE.jar:/opt/repository/org/springframework/boot/spring-boot-starter/2.0.2.RELEASE/spring-boot-starter-2.0.2.RELEASE.jar:/opt/repository/org/springframework/boot/spring-boot/2.0.2.RELEASE/spring-boot-2.0.2.RELEASE.jar:/opt/repository/org/springframework/boot/spring-boot-autoconfigure/2.0.2.RELEASE/spring-boot-autoconfigure-2.0.2.RELEASE.jar:/opt/repository/org/springframework/boot/spring-boot-starter-logging/2.0.2.RELEASE/spring-boot-starter-logging-2.0.2.RELEASE.jar:/opt/repository/ch/qos/logback/logback-classic/1.2.3/logback-classic-1.2.3.jar:/opt/repository/ch/qos/logback/logback-core/1.2.3/logback-core-1.2.3.jar:/opt/repository/org/apache/logging/log4j/log4j-to-slf4j/2.10.0/log4j-to-slf4j-2.10.0.jar:/opt/repository/org/apache/logging/log4j/log4j-api/2.10.0/log4j-api-2.10.0.jar:/opt/repository/org/slf4j/jul-to-slf4j/1.7.25/jul-to-slf4j-1.7.25.jar:/opt/repository/javax/annotation/javax.annotation-api/1.3.2/javax.annotation-api-1.3.2.jar:/opt/repository/org/yaml/snakeyaml/1.19/snakeyaml-1.19.jar:/opt/repository/org/springframework/boot/spring-boot-starter-json/2.0.2.RELEASE/spring-boot-starter-json-2.0.2.RELEASE.jar:/opt/repository/com/fasterxml/jackson/core/jackson-databind/2.9.5/jackson-databind-2.9.5.jar:/opt/repository/com/fasterxml/jackson/core/jackson-annotations/2.9.0/jackson-annotations-2.9.0.jar:/opt/repository/com/fasterxml/jackson/core/jackson-core/2.9.5/jackson-core-2.9.5.jar:/opt/repository/com/fasterxml/jackson/datatype/jackson-datatype-jdk8/2.9.5/jackson-datatype-jdk8-2.9.5.jar:/opt/repository/com/fasterxml/jackson/datatype/jackson-datatype-jsr310/2.9.5/jackson-datatype-jsr310-2.9.5.jar:/opt/repository/com/fasterxml/jackson/module/jackson-module-parameter-names/2.9.5/jackson-module-parameter-names-2.9.5.jar:/opt/repository/org/springframework/boot/spring-boot-starter-tomcat/2.0.2.RELEASE/spring-boot-starter-tomcat-2.0.2.RELEASE.jar:/opt/repository/org/apache/tomcat/embed/tomcat-embed-core/8.5.31/tomcat-embed-core-8.5.31.jar:/opt/repository/org/apache/tomcat/embed/tomcat-embed-el/8.5.31/tomcat-embed-el-8.5.31.jar:/opt/repository/org/apache/tomcat/embed/tomcat-embed-websocket/8.5.31/tomcat-embed-websocket-8.5.31.jar:/opt/repository/org/hibernate/validator/hibernate-validator/6.0.9.Final/hibernate-validator-6.0.9.Final.jar:/opt/repository/com/fasterxml/classmate/1.3.4/classmate-1.3.4.jar:/opt/repository/org/springframework/spring-web/5.0.6.RELEASE/spring-web-5.0.6.RELEASE.jar:/opt/repository/org/springframework/spring-beans/5.0.6.RELEASE/spring-beans-5.0.6.RELEASE.jar:/opt/repository/org/springframework/spring-webmvc/5.0.6.RELEASE/spring-webmvc-5.0.6.RELEASE.jar:/opt/repository/org/springframework/spring-aop/5.0.6.RELEASE/spring-aop-5.0.6.RELEASE.jar:/opt/repository/org/springframework/spring-expression/5.0.6.RELEASE/spring-expression-5.0.6.RELEASE.jar:/opt/repository/org/springframework/boot/spring-boot-starter-test/2.0.2.RELEASE/spring-boot-starter-test-2.0.2.RELEASE.jar:/opt/repository/org/springframework/boot/spring-boot-test/2.0.2.RELEASE/spring-boot-test-2.0.2.RELEASE.jar:/opt/repository/org/springframework/boot/spring-boot-test-autoconfigure/2.0.2.RELEASE/spring-boot-test-autoconfigure-2.0.2.RELEASE.jar:/opt/repository/com/jayway/jsonpath/json-path/2.4.0/json-path-2.4.0.jar:/opt/repository/net/minidev/json-smart/2.3/json-smart-2.3.jar:/opt/repository/net/minidev/accessors-smart/1.2/accessors-smart-1.2.jar:/opt/repository/org/ow2/asm/asm/5.0.4/asm-5.0.4.jar:/opt/repository/org/slf4j/slf4j-api/1.7.25/slf4j-api-1.7.25.jar:/opt/repository/org/assertj/assertj-core/3.9.1/assertj-core-3.9.1.jar:/opt/repository/org/mockito/mockito-core/2.15.0/mockito-core-2.15.0.jar:/opt/repository/net/bytebuddy/byte-buddy/1.7.11/byte-buddy-1.7.11.jar:/opt/repository/net/bytebuddy/byte-buddy-agent/1.7.11/byte-buddy-agent-1.7.11.jar:/opt/repository/org/objenesis/objenesis/2.6/objenesis-2.6.jar:/opt/repository/org/hamcrest/hamcrest-core/1.3/hamcrest-core-1.3.jar:/opt/repository/org/hamcrest/hamcrest-library/1.3/hamcrest-library-1.3.jar:/opt/repository/org/skyscreamer/jsonassert/1.5.0/jsonassert-1.5.0.jar:/opt/repository/com/vaadin/external/google/android-json/0.0.20131108.vaadin1/android-json-0.0.20131108.vaadin1.jar:/opt/repository/org/springframework/spring-core/5.0.6.RELEASE/spring-core-5.0.6.RELEASE.jar:/opt/repository/org/springframework/spring-jcl/5.0.6.RELEASE/spring-jcl-5.0.6.RELEASE.jar:/opt/repository/org/springframework/spring-test/5.0.6.RELEASE/spring-test-5.0.6.RELEASE.jar:/opt/repository/org/xmlunit/xmlunit-core/2.5.1/xmlunit-core-2.5.1.jar:/opt/repository/com/alibaba/boot/velocity-spring-boot-starter/0.1.0/velocity-spring-boot-starter-0.1.0.jar:/opt/repository/com/alibaba/boot/velocity-spring-boot-autoconfigure/0.1.0/velocity-spring-boot-autoconfigure-0.1.0.jar:/opt/repository/com/alibaba/spring/spring-context-velocity/1.4.3.18.RELEASE/spring-context-velocity-1.4.3.18.RELEASE.jar:/opt/repository/com/alibaba/spring/spring-webmvc-velocity/1.4.3.18.RELEASE/spring-webmvc-velocity-1.4.3.18.RELEASE.jar:/opt/repository/com/alibaba/boot/spring-boot-web-support/1.0.0.RELEASE/spring-boot-web-support-1.0.0.RELEASE.jar:/opt/repository/com/alibaba/spring/spring-webmvc-support/1.0.0.RELEASE/spring-webmvc-support-1.0.0.RELEASE.jar:/opt/repository/com/alibaba/spring/spring-context-support/1.0.0.RELEASE/spring-context-support-1.0.0.RELEASE.jar:/opt/repository/org/apache/velocity/velocity/1.7/velocity-1.7.jar:/opt/repository/commons-collections/commons-collections/3.2.1/commons-collections-3.2.1.jar:/opt/repository/commons-lang/commons-lang/2.4/commons-lang-2.4.jar:/opt/repository/org/apache/velocity/velocity-tools/2.0/velocity-tools-2.0.jar:/opt/repository/commons-beanutils/commons-beanutils/1.7.0/commons-beanutils-1.7.0.jar:/opt/repository/commons-digester/commons-digester/1.8/commons-digester-1.8.jar:/opt/repository/commons-chain/commons-chain/1.1/commons-chain-1.1.jar:/opt/repository/commons-logging/commons-logging/1.1/commons-logging-1.1.jar:/opt/repository/commons-validator/commons-validator/1.3.1/commons-validator-1.3.1.jar:/opt/repository/dom4j/dom4j/1.6.1/dom4j-1.6.1.jar:/opt/repository/xml-apis/xml-apis/1.4.01/xml-apis-1.4.01.jar:/opt/repository/oro/oro/2.0.8/oro-2.0.8.jar:/opt/repository/sslext/sslext/1.2-0/sslext-1.2-0.jar:/opt/repository/com/alibaba/dubbo/2.6.2/dubbo-2.6.2.jar:/opt/repository/org/springframework/spring-context/5.0.6.RELEASE/spring-context-5.0.6.RELEASE.jar:/opt/repository/org/javassist/javassist/3.20.0-GA/javassist-3.20.0-GA.jar:/opt/repository/org/jboss/netty/netty/3.2.5.Final/netty-3.2.5.Final.jar:/opt/repository/org/apache/curator/curator-framework/2.12.0/curator-framework-2.12.0.jar:/opt/repository/org/apache/curator/curator-client/2.12.0/curator-client-2.12.0.jar:/opt/repository/org/apache/zookeeper/zookeeper/3.4.8/zookeeper-3.4.8.jar:/opt/repository/jline/jline/0.9.94/jline-0.9.94.jar:/opt/repository/io/netty/netty/3.7.0.Final/netty-3.7.0.Final.jar:/opt/repository/com/google/guava/guava/16.0.1/guava-16.0.1.jar:/opt/repository/org/eclipse/yasson/1.0.1/yasson-1.0.1.jar:/opt/repository/javax/json/bind/javax.json.bind-api/1.0/javax.json.bind-api-1.0.jar:/opt/repository/javax/json/javax.json-api/1.1.2/javax.json-api-1.1.2.jar:/opt/repository/javax/enterprise/cdi-api/2.0/cdi-api-2.0.jar:/opt/repository/javax/el/javax.el-api/3.0.0/javax.el-api-3.0.0.jar:/opt/repository/javax/interceptor/javax.interceptor-api/1.2/javax.interceptor-api-1.2.jar:/opt/repository/javax/inject/javax.inject/1/javax.inject-1.jar:/opt/repository/javax/ws/rs/javax.ws.rs-api/2.1/javax.ws.rs-api-2.1.jar:/opt/repository/org/jboss/resteasy/resteasy-client/3.6.1.Final/resteasy-client-3.6.1.Final.jar:/opt/repository/org/jboss/spec/javax/ws/rs/jboss-jaxrs-api_2.1_spec/1.0.1.Final/jboss-jaxrs-api_2.1_spec-1.0.1.Final.jar:/opt/repository/org/jboss/logging/jboss-logging/3.3.2.Final/jboss-logging-3.3.2.Final.jar:/opt/repository/org/apache/httpcomponents/httpclient/4.5.5/httpclient-4.5.5.jar:/opt/repository/org/apache/httpcomponents/httpcore/4.4.9/httpcore-4.4.9.jar:/opt/repository/commons-codec/commons-codec/1.11/commons-codec-1.11.jar:/opt/repository/org/glassfish/javax.json/1.1/javax.json-1.1.jar:/opt/repository/org/jboss/resteasy/resteasy-jaxrs/3.6.1.Final/resteasy-jaxrs-3.6.1.Final.jar:/opt/repository/org/jboss/spec/javax/xml/bind/jboss-jaxb-api_2.3_spec/1.0.0.Final/jboss-jaxb-api_2.3_spec-1.0.0.Final.jar:/opt/repository/org/reactivestreams/reactive-streams/1.0.2/reactive-streams-1.0.2.jar:/opt/repository/javax/validation/validation-api/2.0.1.Final/validation-api-2.0.1.Final.jar:/opt/repository/org/jboss/spec/javax/annotation/jboss-annotations-api_1.2_spec/1.0.0.Final/jboss-annotations-api_1.2_spec-1.0.0.Final.jar:/opt/repository/javax/activation/activation/1.1.1/activation-1.1.1.jar:/opt/repository/commons-io/commons-io/2.5/commons-io-2.5.jar:/opt/repository/net/jcip/jcip-annotations/1.0/jcip-annotations-1.0.jar:/opt/repository/org/jboss/resteasy/resteasy-jackson-provider/3.6.1.Final/resteasy-jackson-provider-3.6.1.Final.jar:/opt/repository/org/codehaus/jackson/jackson-core-asl/1.9.13/jackson-core-asl-1.9.13.jar:/opt/repository/org/codehaus/jackson/jackson-mapper-asl/1.9.13/jackson-mapper-asl-1.9.13.jar:/opt/repository/org/codehaus/jackson/jackson-jaxrs/1.9.13/jackson-jaxrs-1.9.13.jar:/opt/repository/org/codehaus/jackson/jackson-xc/1.9.13/jackson-xc-1.9.13.jar:/opt/repository/log4j/log4j/1.2.17/log4j-1.2.17.jar:/opt/repository/junit/junit/4.12/junit-4.12.jar:"/>
    <property name="java.vm.vendor" value="Oracle Corporation"/>
    <property name="sun.arch.data.model" value="64"/>
    <property name="java.vendor.url" value="http://java.oracle.com/"/>
    <property name="user.timezone" value=""/>
    <property name="java.vm.specification.version" value="1.8"/>
    <property name="os.name" value="Mac OS X"/>
    <property name="user.country" value="CN"/>
    <property name="sun.java.launcher" value="SUN_STANDARD"/>
    <property name="sun.boot.library.path" value="/Library/Java/JavaVirtualMachines/jdk1.8.0_121.jdk/Contents/Home/jre/lib"/>
    <property name="sun.java.command" value="/Users/dwq/dubbo-work/dubboOpt/opt_consumer/target/surefire/surefirebooter3098317636846453514.jar /Users/dwq/dubbo-work/dubboOpt/opt_consumer/target/surefire 2018-08-31T14-41-32_283-jvmRun1 surefire4244789792154190200tmp surefire_21412252353592857493tmp"/>
    <property name="surefire.test.class.path" value="/Users/dwq/dubbo-work/dubboOpt/opt_consumer/target/test-classes:/Users/dwq/dubbo-work/dubboOpt/opt_consumer/target/classes:/Users/dwq/dubbo-work/dubboOpt/opt_api/target/opt_api-0.0.1-SNAPSHOT.jar:/opt/repository/org/springframework/boot/spring-boot-starter-web/2.0.2.RELEASE/spring-boot-starter-web-2.0.2.RELEASE.jar:/opt/repository/org/springframework/boot/spring-boot-starter/2.0.2.RELEASE/spring-boot-starter-2.0.2.RELEASE.jar:/opt/repository/org/springframework/boot/spring-boot/2.0.2.RELEASE/spring-boot-2.0.2.RELEASE.jar:/opt/repository/org/springframework/boot/spring-boot-autoconfigure/2.0.2.RELEASE/spring-boot-autoconfigure-2.0.2.RELEASE.jar:/opt/repository/org/springframework/boot/spring-boot-starter-logging/2.0.2.RELEASE/spring-boot-starter-logging-2.0.2.RELEASE.jar:/opt/repository/ch/qos/logback/logback-classic/1.2.3/logback-classic-1.2.3.jar:/opt/repository/ch/qos/logback/logback-core/1.2.3/logback-core-1.2.3.jar:/opt/repository/org/apache/logging/log4j/log4j-to-slf4j/2.10.0/log4j-to-slf4j-2.10.0.jar:/opt/repository/org/apache/logging/log4j/log4j-api/2.10.0/log4j-api-2.10.0.jar:/opt/repository/org/slf4j/jul-to-slf4j/1.7.25/jul-to-slf4j-1.7.25.jar:/opt/repository/javax/annotation/javax.annotation-api/1.3.2/javax.annotation-api-1.3.2.jar:/opt/repository/org/yaml/snakeyaml/1.19/snakeyaml-1.19.jar:/opt/repository/org/springframework/boot/spring-boot-starter-json/2.0.2.RELEASE/spring-boot-starter-json-2.0.2.RELEASE.jar:/opt/repository/com/fasterxml/jackson/core/jackson-databind/2.9.5/jackson-databind-2.9.5.jar:/opt/repository/com/fasterxml/jackson/core/jackson-annotations/2.9.0/jackson-annotations-2.9.0.jar:/opt/repository/com/fasterxml/jackson/core/jackson-core/2.9.5/jackson-core-2.9.5.jar:/opt/repository/com/fasterxml/jackson/datatype/jackson-datatype-jdk8/2.9.5/jackson-datatype-jdk8-2.9.5.jar:/opt/repository/com/fasterxml/jackson/datatype/jackson-datatype-jsr310/2.9.5/jackson-datatype-jsr310-2.9.5.jar:/opt/repository/com/fasterxml/jackson/module/jackson-module-parameter-names/2.9.5/jackson-module-parameter-names-2.9.5.jar:/opt/repository/org/springframework/boot/spring-boot-starter-tomcat/2.0.2.RELEASE/spring-boot-starter-tomcat-2.0.2.RELEASE.jar:/opt/repository/org/apache/tomcat/embed/tomcat-embed-core/8.5.31/tomcat-embed-core-8.5.31.jar:/opt/repository/org/apache/tomcat/embed/tomcat-embed-el/8.5.31/tomcat-embed-el-8.5.31.jar:/opt/repository/org/apache/tomcat/embed/tomcat-embed-websocket/8.5.31/tomcat-embed-websocket-8.5.31.jar:/opt/repository/org/hibernate/validator/hibernate-validator/6.0.9.Final/hibernate-validator-6.0.9.Final.jar:/opt/repository/com/fasterxml/classmate/1.3.4/classmate-1.3.4.jar:/opt/repository/org/springframework/spring-web/5.0.6.RELEASE/spring-web-5.0.6.RELEASE.jar:/opt/repository/org/springframework/spring-beans/5.0.6.RELEASE/spring-beans-5.0.6.RELEASE.jar:/opt/repository/org/springframework/spring-webmvc/5.0.6.RELEASE/spring-webmvc-5.0.6.RELEASE.jar:/opt/repository/org/springframework/spring-aop/5.0.6.RELEASE/spring-aop-5.0.6.RELEASE.jar:/opt/repository/org/springframework/spring-expression/5.0.6.RELEASE/spring-expression-5.0.6.RELEASE.jar:/opt/repository/org/springframework/boot/spring-boot-starter-test/2.0.2.RELEASE/spring-boot-starter-test-2.0.2.RELEASE.jar:/opt/repository/org/springframework/boot/spring-boot-test/2.0.2.RELEASE/spring-boot-test-2.0.2.RELEASE.jar:/opt/repository/org/springframework/boot/spring-boot-test-autoconfigure/2.0.2.RELEASE/spring-boot-test-autoconfigure-2.0.2.RELEASE.jar:/opt/repository/com/jayway/jsonpath/json-path/2.4.0/json-path-2.4.0.jar:/opt/repository/net/minidev/json-smart/2.3/json-smart-2.3.jar:/opt/repository/net/minidev/accessors-smart/1.2/accessors-smart-1.2.jar:/opt/repository/org/ow2/asm/asm/5.0.4/asm-5.0.4.jar:/opt/repository/org/slf4j/slf4j-api/1.7.25/slf4j-api-1.7.25.jar:/opt/repository/org/assertj/assertj-core/3.9.1/assertj-core-3.9.1.jar:/opt/repository/org/mockito/mockito-core/2.15.0/mockito-core-2.15.0.jar:/opt/repository/net/bytebuddy/byte-buddy/1.7.11/byte-buddy-1.7.11.jar:/opt/repository/net/bytebuddy/byte-buddy-agent/1.7.11/byte-buddy-agent-1.7.11.jar:/opt/repository/org/objenesis/objenesis/2.6/objenesis-2.6.jar:/opt/repository/org/hamcrest/hamcrest-core/1.3/hamcrest-core-1.3.jar:/opt/repository/org/hamcrest/hamcrest-library/1.3/hamcrest-library-1.3.jar:/opt/repository/org/skyscreamer/jsonassert/1.5.0/jsonassert-1.5.0.jar:/opt/repository/com/vaadin/external/google/android-json/0.0.20131108.vaadin1/android-json-0.0.20131108.vaadin1.jar:/opt/repository/org/springframework/spring-core/5.0.6.RELEASE/spring-core-5.0.6.RELEASE.jar:/opt/repository/org/springframework/spring-jcl/5.0.6.RELEASE/spring-jcl-5.0.6.RELEASE.jar:/opt/repository/org/springframework/spring-test/5.0.6.RELEASE/spring-test-5.0.6.RELEASE.jar:/opt/repository/org/xmlunit/xmlunit-core/2.5.1/xmlunit-core-2.5.1.jar:/opt/repository/com/alibaba/boot/velocity-spring-boot-starter/0.1.0/velocity-spring-boot-starter-0.1.0.jar:/opt/repository/com/alibaba/boot/velocity-spring-boot-autoconfigure/0.1.0/velocity-spring-boot-autoconfigure-0.1.0.jar:/opt/repository/com/alibaba/spring/spring-context-velocity/1.4.3.18.RELEASE/spring-context-velocity-1.4.3.18.RELEASE.jar:/opt/repository/com/alibaba/spring/spring-webmvc-velocity/1.4.3.18.RELEASE/spring-webmvc-velocity-1.4.3.18.RELEASE.jar:/opt/repository/com/alibaba/boot/spring-boot-web-support/1.0.0.RELEASE/spring-boot-web-support-1.0.0.RELEASE.jar:/opt/repository/com/alibaba/spring/spring-webmvc-support/1.0.0.RELEASE/spring-webmvc-support-1.0.0.RELEASE.jar:/opt/repository/com/alibaba/spring/spring-context-support/1.0.0.RELEASE/spring-context-support-1.0.0.RELEASE.jar:/opt/repository/org/apache/velocity/velocity/1.7/velocity-1.7.jar:/opt/repository/commons-collections/commons-collections/3.2.1/commons-collections-3.2.1.jar:/opt/repository/commons-lang/commons-lang/2.4/commons-lang-2.4.jar:/opt/repository/org/apache/velocity/velocity-tools/2.0/velocity-tools-2.0.jar:/opt/repository/commons-beanutils/commons-beanutils/1.7.0/commons-beanutils-1.7.0.jar:/opt/repository/commons-digester/commons-digester/1.8/commons-digester-1.8.jar:/opt/repository/commons-chain/commons-chain/1.1/commons-chain-1.1.jar:/opt/repository/commons-logging/commons-logging/1.1/commons-logging-1.1.jar:/opt/repository/commons-validator/commons-validator/1.3.1/commons-validator-1.3.1.jar:/opt/repository/dom4j/dom4j/1.6.1/dom4j-1.6.1.jar:/opt/repository/xml-apis/xml-apis/1.4.01/xml-apis-1.4.01.jar:/opt/repository/oro/oro/2.0.8/oro-2.0.8.jar:/opt/repository/sslext/sslext/1.2-0/sslext-1.2-0.jar:/opt/repository/com/alibaba/dubbo/2.6.2/dubbo-2.6.2.jar:/opt/repository/org/springframework/spring-context/5.0.6.RELEASE/spring-context-5.0.6.RELEASE.jar:/opt/repository/org/javassist/javassist/3.20.0-GA/javassist-3.20.0-GA.jar:/opt/repository/org/jboss/netty/netty/3.2.5.Final/netty-3.2.5.Final.jar:/opt/repository/org/apache/curator/curator-framework/2.12.0/curator-framework-2.12.0.jar:/opt/repository/org/apache/curator/curator-client/2.12.0/curator-client-2.12.0.jar:/opt/repository/org/apache/zookeeper/zookeeper/3.4.8/zookeeper-3.4.8.jar:/opt/repository/jline/jline/0.9.94/jline-0.9.94.jar:/opt/repository/io/netty/netty/3.7.0.Final/netty-3.7.0.Final.jar:/opt/repository/com/google/guava/guava/16.0.1/guava-16.0.1.jar:/opt/repository/org/eclipse/yasson/1.0.1/yasson-1.0.1.jar:/opt/repository/javax/json/bind/javax.json.bind-api/1.0/javax.json.bind-api-1.0.jar:/opt/repository/javax/json/javax.json-api/1.1.2/javax.json-api-1.1.2.jar:/opt/repository/javax/enterprise/cdi-api/2.0/cdi-api-2.0.jar:/opt/repository/javax/el/javax.el-api/3.0.0/javax.el-api-3.0.0.jar:/opt/repository/javax/interceptor/javax.interceptor-api/1.2/javax.interceptor-api-1.2.jar:/opt/repository/javax/inject/javax.inject/1/javax.inject-1.jar:/opt/repository/javax/ws/rs/javax.ws.rs-api/2.1/javax.ws.rs-api-2.1.jar:/opt/repository/org/jboss/resteasy/resteasy-client/3.6.1.Final/resteasy-client-3.6.1.Final.jar:/opt/repository/org/jboss/spec/javax/ws/rs/jboss-jaxrs-api_2.1_spec/1.0.1.Final/jboss-jaxrs-api_2.1_spec-1.0.1.Final.jar:/opt/repository/org/jboss/logging/jboss-logging/3.3.2.Final/jboss-logging-3.3.2.Final.jar:/opt/repository/org/apache/httpcomponents/httpclient/4.5.5/httpclient-4.5.5.jar:/opt/repository/org/apache/httpcomponents/httpcore/4.4.9/httpcore-4.4.9.jar:/opt/repository/commons-codec/commons-codec/1.11/commons-codec-1.11.jar:/opt/repository/org/glassfish/javax.json/1.1/javax.json-1.1.jar:/opt/repository/org/jboss/resteasy/resteasy-jaxrs/3.6.1.Final/resteasy-jaxrs-3.6.1.Final.jar:/opt/repository/org/jboss/spec/javax/xml/bind/jboss-jaxb-api_2.3_spec/1.0.0.Final/jboss-jaxb-api_2.3_spec-1.0.0.Final.jar:/opt/repository/org/reactivestreams/reactive-streams/1.0.2/reactive-streams-1.0.2.jar:/opt/repository/javax/validation/validation-api/2.0.1.Final/validation-api-2.0.1.Final.jar:/opt/repository/org/jboss/spec/javax/annotation/jboss-annotations-api_1.2_spec/1.0.0.Final/jboss-annotations-api_1.2_spec-1.0.0.Final.jar:/opt/repository/javax/activation/activation/1.1.1/activation-1.1.1.jar:/opt/repository/commons-io/commons-io/2.5/commons-io-2.5.jar:/opt/repository/net/jcip/jcip-annotations/1.0/jcip-annotations-1.0.jar:/opt/repository/org/jboss/resteasy/resteasy-jackson-provider/3.6.1.Final/resteasy-jackson-provider-3.6.1.Final.jar:/opt/repository/org/codehaus/jackson/jackson-core-asl/1.9.13/jackson-core-asl-1.9.13.jar:/opt/repository/org/codehaus/jackson/jackson-mapper-asl/1.9.13/jackson-mapper-asl-1.9.13.jar:/opt/repository/org/codehaus/jackson/jackson-jaxrs/1.9.13/jackson-jaxrs-1.9.13.jar:/opt/repository/org/codehaus/jackson/jackson-xc/1.9.13/jackson-xc-1.9.13.jar:/opt/repository/log4j/log4j/1.2.17/log4j-1.2.17.jar:/opt/repository/junit/junit/4.12/junit-4.12.jar:"/>
    <property name="sun.cpu.endian" value="little"/>
    <property name="user.home" value="/Users/dwq"/>
    <property name="user.language" value="zh"/>
    <property name="java.specification.vendor" value="Oracle Corporation"/>
    <property name="java.home" value="/Library/Java/JavaVirtualMachines/jdk1.8.0_121.jdk/Contents/Home/jre"/>
    <property name="basedir" value="/Users/dwq/dubbo-work/dubboOpt/opt_consumer"/>
    <property name="file.separator" value="/"/>
    <property name="line.separator" value="&#10;"/>
    <property name="java.vm.specification.vendor" value="Oracle Corporation"/>
    <property name="java.specification.name" value="Java Platform API Specification"/>
    <property name="java.awt.graphicsenv" value="sun.awt.CGraphicsEnvironment"/>
    <property name="surefire.real.class.path" value="/Users/dwq/dubbo-work/dubboOpt/opt_consumer/target/surefire/surefirebooter3098317636846453514.jar"/>
    <property name="sun.boot.class.path" value="/Library/Java/JavaVirtualMachines/jdk1.8.0_121.jdk/Contents/Home/jre/lib/resources.jar:/Library/Java/JavaVirtualMachines/jdk1.8.0_121.jdk/Contents/Home/jre/lib/rt.jar:/Library/Java/JavaVirtualMachines/jdk1.8.0_121.jdk/Contents/Home/jre/lib/sunrsasign.jar:/Library/Java/JavaVirtualMachines/jdk1.8.0_121.jdk/Contents/Home/jre/lib/jsse.jar:/Library/Java/JavaVirtualMachines/jdk1.8.0_121.jdk/Contents/Home/jre/lib/jce.jar:/Library/Java/JavaVirtualMachines/jdk1.8.0_121.jdk/Contents/Home/jre/lib/charsets.jar:/Library/Java/JavaVirtualMachines/jdk1.8.0_121.jdk/Contents/Home/jre/lib/jfr.jar:/Library/Java/JavaVirtualMachines/jdk1.8.0_121.jdk/Contents/Home/jre/classes"/>
    <property name="sun.management.compiler" value="HotSpot 64-Bit Tiered Compilers"/>
    <property name="java.runtime.version" value="1.8.0_121-b13"/>
    <property name="user.name" value="dwq"/>
    <property name="path.separator" value=":"/>
    <property name="os.version" value="10.12.3"/>
    <property name="java.endorsed.dirs" value="/Library/Java/JavaVirtualMachines/jdk1.8.0_121.jdk/Contents/Home/jre/lib/endorsed"/>
    <property name="java.runtime.name" value="Java(TM) SE Runtime Environment"/>
    <property name="file.encoding" value="UTF-8"/>
    <property name="java.vm.name" value="Java HotSpot(TM) 64-Bit Server VM"/>
    <property name="localRepository" value="/opt/repository"/>
    <property name="java.vendor.url.bug" value="http://bugreport.sun.com/bugreport/"/>
    <property name="java.io.tmpdir" value="/var/folders/bc/m4k87ls14sd6syht4hq3cvk40000gq/T/"/>
    <property name="java.version" value="1.8.0_121"/>
    <property name="user.dir" value="/Users/dwq/dubbo-work/dubboOpt/opt_consumer"/>
    <property name="os.arch" value="x86_64"/>
    <property name="java.vm.specification.name" value="Java Virtual Machine Specification"/>
    <property name="java.awt.printerjob" value="sun.lwawt.macosx.CPrinterJob"/>
    <property name="sun.os.patch.level" value="unknown"/>
    <property name="java.library.path" value="/Users/dwq/Library/Java/Extensions:/Library/Java/Extensions:/Network/Library/Java/Extensions:/System/Library/Java/Extensions:/usr/lib/java:."/>
    <property name="java.vm.info" value="mixed mode"/>
    <property name="java.vendor" value="Oracle Corporation"/>
    <property name="java.vm.version" value="25.121-b13"/>
    <property name="java.ext.dirs" value="/Users/dwq/Library/Java/Extensions:/Library/Java/JavaVirtualMachines/jdk1.8.0_121.jdk/Contents/Home/jre/lib/ext:/Library/Java/Extensions:/Network/Library/Java/Extensions:/System/Library/Java/Extensions:/usr/lib/java"/>
    <property name="sun.io.unicode.encoding" value="UnicodeBig"/>
    <property name="java.class.version" value="52.0"/>
  </properties>
  <testcase name="testApp" classname="org.opt_consumer.AppTest" time="0.003"/>
</testsuite>